Wed Mar 07 18:20:04 GMT 2018 : Apache Derby Network Server - 10.11.1.2 - (1629631) started and ready to accept connections on port 1527
----------------------------------------------------------------
Wed Mar 07 18:20:04 GMT 2018:
Booting Derby version The Apache Software Foundation - Apache Derby - 10.11.1.2 - (1629631): instance a816c00e-0162-01b1-11cf-ffffee71d9b4 
on database directory C:\Users\Jack\Desktop\databases\loginDatabase with class loader sun.misc.Launcher$AppClassLoader@1d44bcfa 
Loaded from file:/C:/Program%20Files/Java/jdk1.8.0_151/db/lib/derby.jar
java.vendor=Oracle Corporation
java.runtime.version=1.8.0_151-b12
user.dir=C:\Program Files\Java\jdk1.8.0_151\db
os.name=Windows 10
os.arch=amd64
os.version=10.0
derby.system.home=C:\Users\Jack\Desktop\databases
Database Class Loader started - derby.database.classpath=''
----------------------------------------------------------------
Wed Mar 07 18:36:22 GMT 2018: Shutting down Derby engine
----------------------------------------------------------------
Wed Mar 07 18:36:22 GMT 2018:
Shutting down instance a816c00e-0162-01b1-11cf-ffffee71d9b4 on database directory C:\Users\Jack\Desktop\databases\loginDatabase with class loader sun.misc.Launcher$AppClassLoader@1d44bcfa 
----------------------------------------------------------------
